0 info it worked if it ends with ok
1 verbose cli [ 'C:\\Program Files\\nodejs\\node.exe',
1 verbose cli   'C:\\Users\\Lemuel\\AppData\\Roaming\\npm\\node_modules\\npm\\bin\\npm-cli.js',
1 verbose cli   'start' ]
2 info using npm@3.10.7
3 info using node@v4.4.7
4 verbose run-script [ 'prestart', 'start', 'poststart' ]
5 info lifecycle angularintro@1.0.0~prestart: angularintro@1.0.0
6 silly lifecycle angularintro@1.0.0~prestart: no script for prestart, continuing
7 info lifecycle angularintro@1.0.0~start: angularintro@1.0.0
8 verbose lifecycle angularintro@1.0.0~start: unsafe-perm in lifecycle true
9 verbose lifecycle angularintro@1.0.0~start: PATH: C:\Users\Lemuel\AppData\Roaming\npm\node_modules\npm\bin\node-gyp-bin;C:\Users\Lemuel\Desktop\A2\introduction\node_modules\.bin;C:\Users\Lemuel\bin;C:\Program Files\Git\mingw64\bin;C:\Program Files\Git\usr\local\bin;C:\Program Files\Git\usr\bin;C:\Program Files\Git\usr\bin;C:\Program Files\Git\mingw64\bin;C:\Program Files\Git\usr\bin;C:\Users\Lemuel\bin;C:\Windows\system32;C:\Windows;C:\Windows\System32\Wbem;C:\Windows\System32\WindowsPowerShell\v1.0;C:\Program Files\Git\cmd;C:\Program Files\nodejs;C:\Ruby22\bin;C:\Users\Lemuel\AppData\Local\atom\bin;C:\Users\Lemuel\AppData\Roaming\npm;C:\Program Files\Git\usr\bin\vendor_perl;C:\Program Files\Git\usr\bin\core_perl
10 verbose lifecycle angularintro@1.0.0~start: CWD: C:\Users\Lemuel\Desktop\A2\introduction
11 silly lifecycle angularintro@1.0.0~start: Args: [ '/d /s /c',
11 silly lifecycle   'tsc && concurrently "npm run tsc:w" "npm run lite" ' ]
12 silly lifecycle angularintro@1.0.0~start: Returned: code: 2  signal: null
13 info lifecycle angularintro@1.0.0~start: Failed to exec start script
14 verbose stack Error: angularintro@1.0.0 start: `tsc && concurrently "npm run tsc:w" "npm run lite" `
14 verbose stack Exit status 2
14 verbose stack     at EventEmitter.<anonymous> (C:\Users\Lemuel\AppData\Roaming\npm\node_modules\npm\lib\utils\lifecycle.js:255:16)
14 verbose stack     at emitTwo (events.js:87:13)
14 verbose stack     at EventEmitter.emit (events.js:172:7)
14 verbose stack     at ChildProcess.<anonymous> (C:\Users\Lemuel\AppData\Roaming\npm\node_modules\npm\lib\utils\spawn.js:40:14)
14 verbose stack     at emitTwo (events.js:87:13)
14 verbose stack     at ChildProcess.emit (events.js:172:7)
14 verbose stack     at maybeClose (internal/child_process.js:827:16)
14 verbose stack     at Process.ChildProcess._handle.onexit (internal/child_process.js:211:5)
15 verbose pkgid angularintro@1.0.0
16 verbose cwd C:\Users\Lemuel\Desktop\A2\introduction
17 error Windows_NT 10.0.10240
18 error argv "C:\\Program Files\\nodejs\\node.exe" "C:\\Users\\Lemuel\\AppData\\Roaming\\npm\\node_modules\\npm\\bin\\npm-cli.js" "start"
19 error node v4.4.7
20 error npm  v3.10.7
21 error code ELIFECYCLE
22 error angularintro@1.0.0 start: `tsc && concurrently "npm run tsc:w" "npm run lite" `
22 error Exit status 2
23 error Failed at the angularintro@1.0.0 start script 'tsc && concurrently "npm run tsc:w" "npm run lite" '.
23 error Make sure you have the latest version of node.js and npm installed.
23 error If you do, this is most likely a problem with the angularintro package,
23 error not with npm itself.
23 error Tell the author that this fails on your system:
23 error     tsc && concurrently "npm run tsc:w" "npm run lite"
23 error You can get information on how to open an issue for this project with:
23 error     npm bugs angularintro
23 error Or if that isn't available, you can get their info via:
23 error     npm owner ls angularintro
23 error There is likely additional logging output above.
24 verbose exit [ 1, true ]
